[    5073ms] [WARNING] Supabase getSession timed out — falling back to offline mode @ http://localhost:5175/src/contexts/AuthContext.jsx?t=1772443639202:81
[    5073ms] [WARNING] Supabase getSession timed out — falling back to offline mode @ http://localhost:5175/src/contexts/AuthContext.jsx?t=1772443639202:81
[   21505ms] [WARNING] Quick login Supabase timeout, falling back to offline: Supabase timeout @ http://localhost:5175/src/contexts/AuthContext.jsx?t=1772443639202:176
[  642700ms] [WARNING] GoTrueClient@sb-ugcjikdlyktrkqgblsrw-auth-token:1 (2.97.0) 2026-03-02T09:38:10.984Z Multiple GoTrueClient instances detected in the same browser context. It is not an error, but this should be avoided as it may produce undefined behavior when used concurrently under the same storage key. @ http://localhost:5175/node_modules/.vite/deps/@supabase_supabase-js.js?v=9c75da2a:8785
[  648038ms] [WARNING] Supabase getSession timed out — falling back to offline mode @ http://localhost:5175/src/contexts/AuthContext.jsx?t=1772444290961:81
[  648038ms] [WARNING] Supabase getSession timed out — falling back to offline mode @ http://localhost:5175/src/contexts/AuthContext.jsx?t=1772444290961:81
[  664946ms] [WARNING] Projects fetch timeout/error, using static fallback: Supabase timeout @ http://localhost:5175/src/hooks/useAppData.js?t=1772444308185:152
[  669988ms] [WARNING] Projects fetch timeout/error, using static fallback: Supabase timeout @ http://localhost:5175/src/hooks/useAppData.js?t=1772444313230:152
[  669988ms] [WARNING] Issues fetch timeout/error, using static fallback: Supabase timeout @ http://localhost:5175/src/hooks/useAppData.js?t=1772444313230:212
[  678762ms] [WARNING] Projects fetch timeout/error, using static fallback: Supabase timeout @ http://localhost:5175/src/hooks/useAppData.js?t=1772444321999:152
[  678762ms] [WARNING] Issues fetch timeout/error, using static fallback: Supabase timeout @ http://localhost:5175/src/hooks/useAppData.js?t=1772444321999:212
[  684459ms] [WARNING] Projects fetch timeout/error, using static fallback: Supabase timeout @ http://localhost:5175/src/hooks/useAppData.js?t=1772444321999:152
[  684459ms] [WARNING] Issues fetch timeout/error, using static fallback: Supabase timeout @ http://localhost:5175/src/hooks/useAppData.js?t=1772444321999:212
[  692555ms] [WARNING] Projects fetch timeout/error, using static fallback: Supabase timeout @ http://localhost:5175/src/hooks/useAppData.js?t=1772444321999:152
[  692555ms] [WARNING] Issues fetch timeout/error, using static fallback: Supabase timeout @ http://localhost:5175/src/hooks/useAppData.js?t=1772444321999:212
[  692556ms] [WARNING] BOM fetch timeout, using static fallback: Supabase timeout @ http://localhost:5175/src/hooks/useV2Data.js?t=1772444335788:172
[  698570ms] [WARNING] Projects fetch timeout/error, using static fallback: Supabase timeout @ http://localhost:5175/src/hooks/useAppData.js?t=1772444321999:152
[  698570ms] [WARNING] Issues fetch timeout/error, using static fallback: Supabase timeout @ http://localhost:5175/src/hooks/useAppData.js?t=1772444321999:212
[  698570ms] [WARNING] FlightTests fetch timeout, using static fallback: Supabase timeout @ http://localhost:5175/src/hooks/useV2Data.js?t=1772444341791:224
[  698570ms] [WARNING] BOM fetch timeout, using static fallback: Supabase timeout @ http://localhost:5175/src/hooks/useV2Data.js?t=1772444341791:172
[  704347ms] [WARNING] Projects fetch timeout/error, using static fallback: Supabase timeout @ http://localhost:5175/src/hooks/useAppData.js?t=1772444321999:152
[  704347ms] [WARNING] Issues fetch timeout/error, using static fallback: Supabase timeout @ http://localhost:5175/src/hooks/useAppData.js?t=1772444321999:212
[  704347ms] [WARNING] FlightTests fetch timeout, using static fallback: Supabase timeout @ http://localhost:5175/src/hooks/useV2Data.js?t=1772444347576:224
[  704347ms] [WARNING] BOM fetch timeout, using static fallback: Supabase timeout @ http://localhost:5175/src/hooks/useV2Data.js?t=1772444347576:172
[  712315ms] [WARNING] Projects fetch timeout/error, using static fallback: Supabase timeout @ http://localhost:5175/src/hooks/useAppData.js?t=1772444321999:152
[  712315ms] [WARNING] Issues fetch timeout/error, using static fallback: Supabase timeout @ http://localhost:5175/src/hooks/useAppData.js?t=1772444321999:212
[  712315ms] [WARNING] FlightTests fetch timeout, using static fallback: Supabase timeout @ http://localhost:5175/src/hooks/useV2Data.js?t=1772444355554:224
[  712315ms] [WARNING] Deliveries fetch timeout, using static fallback: Supabase timeout @ http://localhost:5175/src/hooks/useV2Data.js?t=1772444355554:311
[  712323ms] [WARNING] BOM fetch timeout, using static fallback: Supabase timeout @ http://localhost:5175/src/hooks/useV2Data.js?t=1772444355554:172
[  718742ms] [WARNING] Projects fetch timeout/error, using static fallback: Supabase timeout @ http://localhost:5175/src/hooks/useAppData.js?t=1772444321999:152
[  718742ms] [WARNING] Issues fetch timeout/error, using static fallback: Supabase timeout @ http://localhost:5175/src/hooks/useAppData.js?t=1772444321999:212
[  718742ms] [WARNING] FlightTests fetch timeout, using static fallback: Supabase timeout @ http://localhost:5175/src/hooks/useV2Data.js?t=1772444361977:224
[  718742ms] [WARNING] Deliveries fetch timeout, using static fallback: Supabase timeout @ http://localhost:5175/src/hooks/useV2Data.js?t=1772444361977:311
[  718747ms] [WARNING] BOM fetch timeout, using static fallback: Supabase timeout @ http://localhost:5175/src/hooks/useV2Data.js?t=1772444361977:172
[  731655ms] [WARNING] Projects fetch timeout/error, using static fallback: Supabase timeout @ http://localhost:5175/src/hooks/useAppData.js?t=1772444321999:152
[  731655ms] [WARNING] Issues fetch timeout/error, using static fallback: Supabase timeout @ http://localhost:5175/src/hooks/useAppData.js?t=1772444321999:212
[  731655ms] [WARNING] FlightTests fetch timeout, using static fallback: Supabase timeout @ http://localhost:5175/src/hooks/useV2Data.js?t=1772444361977:224
[  731655ms] [WARNING] Deliveries fetch timeout, using static fallback: Supabase timeout @ http://localhost:5175/src/hooks/useV2Data.js?t=1772444361977:311
[  731656ms] [WARNING] BOM fetch timeout, using static fallback: Supabase timeout @ http://localhost:5175/src/hooks/useV2Data.js?t=1772444361977:172
[  731659ms] [WARNING] Supabase getSession timed out — falling back to offline mode @ http://localhost:5175/src/contexts/AuthContext.jsx?t=1772444374681:72
[  731660ms] [WARNING] Projects fetch timeout/error, using static fallback: Supabase timeout @ http://localhost:5175/src/hooks/useAppData.js?t=1772444321999:152
[  731660ms] [WARNING] Issues fetch timeout/error, using static fallback: Supabase timeout @ http://localhost:5175/src/hooks/useAppData.js?t=1772444321999:212
[  731669ms] [WARNING] FlightTests fetch timeout, using static fallback: Supabase timeout @ http://localhost:5175/src/hooks/useV2Data.js?t=1772444361977:224
[  731669ms] [WARNING] Deliveries fetch timeout, using static fallback: Supabase timeout @ http://localhost:5175/src/hooks/useV2Data.js?t=1772444361977:311
[  731669ms] [WARNING] BOM fetch timeout, using static fallback: Supabase timeout @ http://localhost:5175/src/hooks/useV2Data.js?t=1772444361977:172
[  731676ms] [WARNING] Supabase getSession timed out — falling back to offline mode @ http://localhost:5175/src/contexts/AuthContext.jsx?t=1772444374681:72
