[   31453ms] [WARNING] The width(-1) and height(-1) of chart should be greater than 0,
       please check the style of container, or the props width(100%) and height(100%),
       or add a minWidth(0) or minHeight(undefined) or use aspect(undefined) to control the
       height and width. @ http://localhost:5175/node_modules/.vite/deps/recharts.js?v=9c75da2a:9073
[   31453ms] [WARNING] The width(-1) and height(-1) of chart should be greater than 0,
       please check the style of container, or the props width(100%) and height(100%),
       or add a minWidth(0) or minHeight(undefined) or use aspect(undefined) to control the
       height and width. @ http://localhost:5175/node_modules/.vite/deps/recharts.js?v=9c75da2a:9073
[   31454ms] [WARNING] The width(-1) and height(-1) of chart should be greater than 0,
       please check the style of container, or the props width(100%) and height(100%),
       or add a minWidth(0) or minHeight(undefined) or use aspect(undefined) to control the
       height and width. @ http://localhost:5175/node_modules/.vite/deps/recharts.js?v=9c75da2a:9073
[   31454ms] [WARNING] The width(-1) and height(-1) of chart should be greater than 0,
       please check the style of container, or the props width(100%) and height(100%),
       or add a minWidth(0) or minHeight(undefined) or use aspect(undefined) to control the
       height and width. @ http://localhost:5175/node_modules/.vite/deps/recharts.js?v=9c75da2a:9073
[   31455ms] [WARNING] The width(-1) and height(-1) of chart should be greater than 0,
       please check the style of container, or the props width(100%) and height(100%),
       or add a minWidth(0) or minHeight(undefined) or use aspect(undefined) to control the
       height and width. @ http://localhost:5175/node_modules/.vite/deps/recharts.js?v=9c75da2a:9073
[   31455ms] [WARNING] The width(-1) and height(-1) of chart should be greater than 0,
       please check the style of container, or the props width(100%) and height(100%),
       or add a minWidth(0) or minHeight(undefined) or use aspect(undefined) to control the
       height and width. @ http://localhost:5175/node_modules/.vite/deps/recharts.js?v=9c75da2a:9073
[   31457ms] [WARNING] The width(-1) and height(-1) of chart should be greater than 0,
       please check the style of container, or the props width(100%) and height(100%),
       or add a minWidth(0) or minHeight(undefined) or use aspect(undefined) to control the
       height and width. @ http://localhost:5175/node_modules/.vite/deps/recharts.js?v=9c75da2a:9073
[   31457ms] [WARNING] The width(-1) and height(-1) of chart should be greater than 0,
       please check the style of container, or the props width(100%) and height(100%),
       or add a minWidth(0) or minHeight(undefined) or use aspect(undefined) to control the
       height and width. @ http://localhost:5175/node_modules/.vite/deps/recharts.js?v=9c75da2a:9073
[   31457ms] [WARNING] The width(-1) and height(-1) of chart should be greater than 0,
       please check the style of container, or the props width(100%) and height(100%),
       or add a minWidth(0) or minHeight(undefined) or use aspect(undefined) to control the
       height and width. @ http://localhost:5175/node_modules/.vite/deps/recharts.js?v=9c75da2a:9073
[   31457ms] [WARNING] The width(-1) and height(-1) of chart should be greater than 0,
       please check the style of container, or the props width(100%) and height(100%),
       or add a minWidth(0) or minHeight(undefined) or use aspect(undefined) to control the
       height and width. @ http://localhost:5175/node_modules/.vite/deps/recharts.js?v=9c75da2a:9073
[   31458ms] [WARNING] The width(-1) and height(-1) of chart should be greater than 0,
       please check the style of container, or the props width(100%) and height(100%),
       or add a minWidth(0) or minHeight(undefined) or use aspect(undefined) to control the
       height and width. @ http://localhost:5175/node_modules/.vite/deps/recharts.js?v=9c75da2a:9073
[   31458ms] [WARNING] The width(-1) and height(-1) of chart should be greater than 0,
       please check the style of container, or the props width(100%) and height(100%),
       or add a minWidth(0) or minHeight(undefined) or use aspect(undefined) to control the
       height and width. @ http://localhost:5175/node_modules/.vite/deps/recharts.js?v=9c75da2a:9073
[   31462ms] [WARNING] The width(-1) and height(-1) of chart should be greater than 0,
       please check the style of container, or the props width(100%) and height(100%),
       or add a minWidth(0) or minHeight(undefined) or use aspect(undefined) to control the
       height and width. @ http://localhost:5175/node_modules/.vite/deps/recharts.js?v=9c75da2a:9073
[   31462ms] [WARNING] The width(-1) and height(-1) of chart should be greater than 0,
       please check the style of container, or the props width(100%) and height(100%),
       or add a minWidth(0) or minHeight(undefined) or use aspect(undefined) to control the
       height and width. @ http://localhost:5175/node_modules/.vite/deps/recharts.js?v=9c75da2a:9073
[   33559ms] [ERROR] Failed to load resource: the server responded with a status of 400 () @ https://ugcjikdlyktrkqgblsrw.supabase.co/rest/v1/notifications?select=*&user_id=eq.usr-001&order=created_at.desc&limit=50:0
[   33634ms] [ERROR] Failed to load resource: the server responded with a status of 400 () @ https://ugcjikdlyktrkqgblsrw.supabase.co/rest/v1/audit_log:0
[  108416ms] [ERROR] Failed to load resource: the server responded with a status of 400 () @ https://ugcjikdlyktrkqgblsrw.supabase.co/rest/v1/audit_log:0
[  108463ms] [ERROR] Failed to load resource: the server responded with a status of 400 () @ https://ugcjikdlyktrkqgblsrw.supabase.co/rest/v1/notifications?select=*&user_id=eq.usr-004&order=created_at.desc&limit=50:0
